<?xml version="1.0" encoding="UTF-8"?>
<testsuite name="co.com.gcode.Operators" tests="12" skipped="0" failures="0" errors="0" timestamp="2020-12-17T18:32:26" hostname="50HW014554.local" time="0.126">
  <properties/>
  <testcase name="flatMapExample1" classname="co.com.gcode.Operators" time="0.017"/>
  <testcase name="monoError" classname="co.com.gcode.Operators" time="0.015"/>
  <testcase name="monoOnErrorResume" classname="co.com.gcode.Operators" time="0.004"/>
  <testcase name="monoOnErrorReturn" classname="co.com.gcode.Operators" time="0.003"/>
  <testcase name="filterTest1" classname="co.com.gcode.Operators" time="0.006"/>
  <testcase name="zipOperator" classname="co.com.gcode.Operators" time="0.036"/>
  <testcase name="multiplyByTen" classname="co.com.gcode.Operators" time="0.005"/>
  <testcase name="mapTest1" classname="co.com.gcode.Operators" time="0.001"/>
  <testcase name="mergeNumbers1" classname="co.com.gcode.Operators" time="0.004"/>
  <testcase name="mergeNumbers2" classname="co.com.gcode.Operators" time="0.007"/>
  <testcase name="testMonoWithStepVerifier" classname="co.com.gcode.Operators" time="0.023"/>
  <testcase name="filterNumber" classname="co.com.gcode.Operators" time="0.001"/>
  <system-out><![CDATA[Hello world 1
Hello world 2
Hello world 3
Hello world 4
Hello world 5
Fixed
Hello
Pune
Operators.Movie(title=El padrino, duration=200, score=9.2)
Operators.Movie(title=El lobo de wolf street, duration=205, score=8.2)
Operators.Movie(title=Milla 22, duration=120, score=6.1)
2
4
6
8
10
12
14
16
18
20
STIVEN
2
4
6
8
1
3
5
7
9
1
2
3
4
5
6
7
8
9
0
2
4
6
8
]]></system-out>
  <system-err><![CDATA[[Test worker] INFO reactor.Mono.PeekTerminal.2 - | onSubscribe([Fuseable] MonoPeekTerminal.MonoTerminalPeekSubscriber)
[Test worker] INFO reactor.Mono.PeekTerminal.2 - | request(unbounded)
[Test worker] ERROR co.com.gcode.Operators - Error message: Stiven -> Illegal Argument Exception
[Test worker] ERROR reactor.Mono.PeekTerminal.2 - | onError(java.lang.IllegalArgumentException: Stiven -> Illegal Argument Exception)
[Test worker] ERROR reactor.Mono.PeekTerminal.2 - 
java.lang.IllegalArgumentException: Stiven -> Illegal Argument Exception
	at co.com.gcode.Operators.monoError(Operators.java:103)
	at java.base/jdk.internal.reflect.NativeMethodAccessorImpl.invoke0(Native Method)
	at java.base/jdk.internal.reflect.NativeMethodAccessorImpl.invoke(NativeMethodAccessorImpl.java:62)
	at java.base/jdk.internal.reflect.DelegatingMethodAccessorImpl.invoke(DelegatingMethodAccessorImpl.java:43)
	at java.base/java.lang.reflect.Method.invoke(Method.java:567)
	at org.junit.runners.model.FrameworkMethod$1.runReflectiveCall(FrameworkMethod.java:50)
	at org.junit.internal.runners.model.ReflectiveCallable.run(ReflectiveCallable.java:12)
	at org.junit.runners.model.FrameworkMethod.invokeExplosively(FrameworkMethod.java:47)
	at org.junit.internal.runners.statements.InvokeMethod.evaluate(InvokeMethod.java:17)
	at org.junit.runners.ParentRunner.runLeaf(ParentRunner.java:325)
	at org.junit.runners.BlockJUnit4ClassRunner.runChild(BlockJUnit4ClassRunner.java:78)
	at org.junit.runners.BlockJUnit4ClassRunner.runChild(BlockJUnit4ClassRunner.java:57)
	at org.junit.runners.ParentRunner$3.run(ParentRunner.java:290)
	at org.junit.runners.ParentRunner$1.schedule(ParentRunner.java:71)
	at org.junit.runners.ParentRunner.runChildren(ParentRunner.java:288)
	at org.junit.runners.ParentRunner.access$000(ParentRunner.java:58)
	at org.junit.runners.ParentRunner$2.evaluate(ParentRunner.java:268)
	at org.junit.runners.ParentRunner.run(ParentRunner.java:363)
	at org.gradle.api.internal.tasks.testing.junit.JUnitTestClassExecutor.runTestClass(JUnitTestClassExecutor.java:110)
	at org.gradle.api.internal.tasks.testing.junit.JUnitTestClassExecutor.execute(JUnitTestClassExecutor.java:58)
	at org.gradle.api.internal.tasks.testing.junit.JUnitTestClassExecutor.execute(JUnitTestClassExecutor.java:38)
	at org.gradle.api.internal.tasks.testing.junit.AbstractJUnitTestClassProcessor.processTestClass(AbstractJUnitTestClassProcessor.java:62)
	at org.gradle.api.internal.tasks.testing.SuiteTestClassProcessor.processTestClass(SuiteTestClassProcessor.java:51)
	at java.base/jdk.internal.reflect.NativeMethodAccessorImpl.invoke0(Native Method)
	at java.base/jdk.internal.reflect.NativeMethodAccessorImpl.invoke(NativeMethodAccessorImpl.java:62)
	at java.base/jdk.internal.reflect.DelegatingMethodAccessorImpl.invoke(DelegatingMethodAccessorImpl.java:43)
	at java.base/java.lang.reflect.Method.invoke(Method.java:567)
	at org.gradle.internal.dispatch.ReflectionDispatch.dispatch(ReflectionDispatch.java:36)
	at org.gradle.internal.dispatch.ReflectionDispatch.dispatch(ReflectionDispatch.java:24)
	at org.gradle.internal.dispatch.ContextClassLoaderDispatch.dispatch(ContextClassLoaderDispatch.java:33)
	at org.gradle.internal.dispatch.ProxyDispatchAdapter$DispatchingInvocationHandler.invoke(ProxyDispatchAdapter.java:94)
	at com.sun.proxy.$Proxy2.processTestClass(Unknown Source)
	at org.gradle.api.internal.tasks.testing.worker.TestWorker.processTestClass(TestWorker.java:118)
	at java.base/jdk.internal.reflect.NativeMethodAccessorImpl.invoke0(Native Method)
	at java.base/jdk.internal.reflect.NativeMethodAccessorImpl.invoke(NativeMethodAccessorImpl.java:62)
	at java.base/jdk.internal.reflect.DelegatingMethodAccessorImpl.invoke(DelegatingMethodAccessorImpl.java:43)
	at java.base/java.lang.reflect.Method.invoke(Method.java:567)
	at org.gradle.internal.dispatch.ReflectionDispatch.dispatch(ReflectionDispatch.java:36)
	at org.gradle.internal.dispatch.ReflectionDispatch.dispatch(ReflectionDispatch.java:24)
	at org.gradle.internal.remote.internal.hub.MessageHubBackedObjectConnection$DispatchWrapper.dispatch(MessageHubBackedObjectConnection.java:182)
	at org.gradle.internal.remote.internal.hub.MessageHubBackedObjectConnection$DispatchWrapper.dispatch(MessageHubBackedObjectConnection.java:164)
	at org.gradle.internal.remote.internal.hub.MessageHub$Handler.run(MessageHub.java:412)
	at org.gradle.internal.concurrent.ExecutorPolicy$CatchAndRecordFailures.onExecute(ExecutorPolicy.java:64)
	at org.gradle.internal.concurrent.ManagedExecutorImpl$1.run(ManagedExecutorImpl.java:48)
	at java.base/java.util.concurrent.ThreadPoolExecutor.runWorker(ThreadPoolExecutor.java:1128)
	at java.base/java.util.concurrent.ThreadPoolExecutor$Worker.run(ThreadPoolExecutor.java:628)
	at org.gradle.internal.concurrent.ThreadFactoryImpl$ManagedThreadRunnable.run(ThreadFactoryImpl.java:56)
	at java.base/java.lang.Thread.run(Thread.java:830)
[Test worker] ERROR co.com.gcode.Operators - Error message: Stiven -> Illegal Argument Exception
[Test worker] INFO co.com.gcode.Operators - inside on Error resume
[Test worker] INFO reactor.Mono.Just.3 - | onSubscribe([Synchronous Fuseable] Operators.ScalarSubscription)
[Test worker] INFO reactor.Mono.Just.3 - | request(unbounded)
[Test worker] INFO reactor.Mono.Just.3 - | onNext(Stiven Atehortua)
[Test worker] INFO reactor.Mono.Just.3 - | onComplete()
[Test worker] INFO reactor.Mono.Just.3 - | onSubscribe([Synchronous Fuseable] Operators.ScalarSubscription)
[Test worker] INFO reactor.Mono.Just.3 - | request(unbounded)
[Test worker] INFO reactor.Mono.Just.3 - | onNext(Stiven Atehortua)
[Test worker] INFO reactor.Mono.Just.3 - | onComplete()
]]></system-err>
</testsuite>
